SF:/tmp/codex-catboost-native-evidence-20260716/repo/crates/catboost-sys/cbtool/args.rs
FN:4,_RNvNtCshhVRjmLKLfH_15catboost_cbtool4args9iter_args
FN:4,_RNvNtCskRgrriiZ4uL_15catboost_cbtool4args9iter_args
FNDA:0,_RNvNtCshhVRjmLKLfH_15catboost_cbtool4args9iter_args
FNDA:3,_RNvNtCskRgrriiZ4uL_15catboost_cbtool4args9iter_args
FNF:1
FNH:1
DA:4,3
DA:5,3
DA:6,6
DA:7,6
DA:8,2
DA:9,4
DA:10,4
DA:11,1
DA:12,2
DA:13,2
DA:14,2
DA:15,0
DA:16,3
DA:17,3
DA:18,3
DA:20,3
DA:21,3
BRF:0
BRH:0
LF:17
LH:16
end_of_record
SF:/tmp/codex-catboost-native-evidence-20260716/repo/crates/catboost-sys/cbtool/build_info.rs
FN:33,_RNvNtCshhVRjmLKLfH_15catboost_cbtool10build_info12filter_flags
FN:51,_RNvNtCshhVRjmLKLfH_15catboost_cbtool10build_info13compiler_info
FN:6,_RNvNtCshhVRjmLKLfH_15catboost_cbtool10build_info14build_info_gen
FN:82,_RNvNtCshhVRjmLKLfH_15catboost_cbtool10build_info14escape_special
FN:75,_RNvNtCshhVRjmLKLfH_15catboost_cbtool10build_info14escaped_define
FN:102,_RNvNtCshhVRjmLKLfH_15catboost_cbtool10build_info16escape_line_feed
FN:43,_RNCNvNtCshhVRjmLKLfH_15catboost_cbtool10build_info12filter_flags0B5_
FN:54,_RNCNvNtCshhVRjmLKLfH_15catboost_cbtool10build_info13compiler_info0B5_
FN:70,_RNCNvNtCshhVRjmLKLfH_15catboost_cbtool10build_info13compiler_infos0_0B5_
FN:69,_RNCNvNtCshhVRjmLKLfH_15catboost_cbtool10build_info13compiler_infos_0B5_
FN:43,_RNCNvNtCskRgrriiZ4uL_15catboost_cbtool10build_info12filter_flags0B5_
FN:54,_RNCNvNtCskRgrriiZ4uL_15catboost_cbtool10build_info13compiler_info0B5_
FN:70,_RNCNvNtCskRgrriiZ4uL_15catboost_cbtool10build_info13compiler_infos0_0B5_
FN:69,_RNCNvNtCskRgrriiZ4uL_15catboost_cbtool10build_info13compiler_infos_0B5_
FN:33,_RNvNtCskRgrriiZ4uL_15catboost_cbtool10build_info12filter_flags
FN:51,_RNvNtCskRgrriiZ4uL_15catboost_cbtool10build_info13compiler_info
FN:6,_RNvNtCskRgrriiZ4uL_15catboost_cbtool10build_info14build_info_gen
FN:82,_RNvNtCskRgrriiZ4uL_15catboost_cbtool10build_info14escape_special
FN:75,_RNvNtCskRgrriiZ4uL_15catboost_cbtool10build_info14escaped_define
FN:102,_RNvNtCskRgrriiZ4uL_15catboost_cbtool10build_info16escape_line_feed
FNDA:0,_RNvNtCshhVRjmLKLfH_15catboost_cbtool10build_info12filter_flags
FNDA:0,_RNvNtCshhVRjmLKLfH_15catboost_cbtool10build_info13compiler_info
FNDA:0,_RNvNtCshhVRjmLKLfH_15catboost_cbtool10build_info14build_info_gen
FNDA:0,_RNvNtCshhVRjmLKLfH_15catboost_cbtool10build_info14escape_special
FNDA:0,_RNvNtCshhVRjmLKLfH_15catboost_cbtool10build_info14escaped_define
FNDA:0,_RNvNtCshhVRjmLKLfH_15catboost_cbtool10build_info16escape_line_feed
FNDA:0,_RNCNvNtCshhVRjmLKLfH_15catboost_cbtool10build_info12filter_flags0B5_
FNDA:0,_RNCNvNtCshhVRjmLKLfH_15catboost_cbtool10build_info13compiler_info0B5_
FNDA:0,_RNCNvNtCshhVRjmLKLfH_15catboost_cbtool10build_info13compiler_infos0_0B5_
FNDA:0,_RNCNvNtCshhVRjmLKLfH_15catboost_cbtool10build_info13compiler_infos_0B5_
FNDA:6,_RNCNvNtCskRgrriiZ4uL_15catboost_cbtool10build_info12filter_flags0B5_
FNDA:2,_RNCNvNtCskRgrriiZ4uL_15catboost_cbtool10build_info13compiler_info0B5_
FNDA:0,_RNCNvNtCskRgrriiZ4uL_15catboost_cbtool10build_info13compiler_infos0_0B5_
FNDA:0,_RNCNvNtCskRgrriiZ4uL_15catboost_cbtool10build_info13compiler_infos_0B5_
FNDA:2,_RNvNtCskRgrriiZ4uL_15catboost_cbtool10build_info12filter_flags
FNDA:2,_RNvNtCskRgrriiZ4uL_15catboost_cbtool10build_info13compiler_info
FNDA:3,_RNvNtCskRgrriiZ4uL_15catboost_cbtool10build_info14build_info_gen
FNDA:8,_RNvNtCskRgrriiZ4uL_15catboost_cbtool10build_info14escape_special
FNDA:8,_RNvNtCskRgrriiZ4uL_15catboost_cbtool10build_info14escaped_define
FNDA:8,_RNvNtCskRgrriiZ4uL_15catboost_cbtool10build_info16escape_line_feed
FNF:10
FNH:8
DA:6,3
DA:7,3
DA:8,1
DA:9,2
DA:10,2
DA:11,2
DA:12,2
DA:14,2
DA:15,0
DA:17,2
DA:20,2
DA:21,2
DA:22,2
DA:23,2
DA:24,2
DA:25,2
DA:26,2
DA:27,2
DA:28,2
DA:29,2
DA:30,2
DA:31,3
DA:33,2
DA:34,2
DA:35,2
DA:36,2
DA:37,2
DA:38,2
DA:39,2
DA:40,2
DA:41,2
DA:42,2
DA:43,6
DA:44,6
DA:45,6
DA:46,6
DA:47,2
DA:48,2
DA:49,2
DA:51,2
DA:52,2
DA:53,2
DA:54,2
DA:55,2
DA:56,2
DA:57,2
DA:58,2
DA:59,0
DA:60,0
DA:61,0
DA:62,0
DA:63,0
DA:64,0
DA:65,0
DA:66,0
DA:68,0
DA:69,0
DA:70,0
DA:71,0
DA:72,0
DA:73,2
DA:75,8
DA:76,8
DA:78,8
DA:80,8
DA:82,8
DA:83,8
DA:84,374
DA:85,374
DA:86,0
DA:87,0
DA:88,374
DA:89,8
DA:90,8
DA:91,0
DA:92,0
DA:93,0
DA:95,366
DA:96,366
DA:97,366
DA:99,8
DA:100,8
DA:102,8
DA:103,8
DA:104,8
BRF:0
BRH:0
LF:89
LH:68
end_of_record
SF:/tmp/codex-catboost-native-evidence-20260716/repo/crates/catboost-sys/cbtool/export_script.rs
FN:6,_RNvNtCshhVRjmLKLfH_15catboost_cbtool13export_script17export_script_gen
FN:101,_RNvNtCshhVRjmLKLfH_15catboost_cbtool13export_script17parse_export_file
FN:125,_RNvNtCshhVRjmLKLfH_15catboost_cbtool13export_script4to_c
FN:142,_RNCNvNtCshhVRjmLKLfH_15catboost_cbtool13export_script4to_c0B5_
FN:6,_RNvNtCskRgrriiZ4uL_15catboost_cbtool13export_script17export_script_gen
FN:101,_RNvNtCskRgrriiZ4uL_15catboost_cbtool13export_script17parse_export_file
FN:125,_RNvNtCskRgrriiZ4uL_15catboost_cbtool13export_script4to_c
FN:142,_RNCNvNtCskRgrriiZ4uL_15catboost_cbtool13export_script4to_c0B5_
FNDA:0,_RNvNtCshhVRjmLKLfH_15catboost_cbtool13export_script17export_script_gen
FNDA:0,_RNvNtCshhVRjmLKLfH_15catboost_cbtool13export_script17parse_export_file
FNDA:0,_RNvNtCshhVRjmLKLfH_15catboost_cbtool13export_script4to_c
FNDA:0,_RNCNvNtCshhVRjmLKLfH_15catboost_cbtool13export_script4to_c0B5_
FNDA:67,_RNvNtCskRgrriiZ4uL_15catboost_cbtool13export_script17export_script_gen
FNDA:67,_RNvNtCskRgrriiZ4uL_15catboost_cbtool13export_script17parse_export_file
FNDA:2,_RNvNtCskRgrriiZ4uL_15catboost_cbtool13export_script4to_c
FNDA:12,_RNCNvNtCskRgrriiZ4uL_15catboost_cbtool13export_script4to_c0B5_
FNF:4
FNH:4
DA:6,67
DA:7,67
DA:8,67
DA:9,67
DA:10,268
DA:11,201
DA:12,67
DA:13,67
DA:14,134
DA:15,134
DA:16,134
DA:17,134
DA:19,67
DA:20,0
DA:21,67
DA:22,67
DA:23,0
DA:25,67
DA:26,67
DA:27,67
DA:28,297
DA:29,297
DA:30,2
DA:31,2
DA:32,2
DA:33,2
DA:35,295
DA:36,295
DA:37,2
DA:38,293
DA:39,293
DA:40,293
DA:45,67
DA:46,67
DA:47,67
DA:48,66
DA:49,2
DA:50,64
DA:51,64
DA:52,64
DA:53,66
DA:54,66
DA:55,304
DA:56,304
DA:57,304
DA:58,66
DA:60,66
DA:62,1
DA:63,0
DA:64,0
DA:65,0
DA:66,0
DA:67,0
DA:68,0
DA:69,0
DA:70,0
DA:71,0
DA:72,0
DA:73,0
DA:74,0
DA:75,0
DA:78,1
DA:79,0
DA:80,0
DA:81,0
DA:82,0
DA:83,0
DA:84,0
DA:85,0
DA:89,1
DA:90,1
DA:93,66
DA:94,67
DA:101,67
DA:102,67
DA:103,299
DA:104,299
DA:105,299
DA:106,2
DA:107,297
DA:108,297
DA:109,297
DA:110,297
DA:111,295
DA:112,295
DA:113,295
DA:114,295
DA:115,0
DA:116,0
DA:117,0
DA:118,0
DA:119,0
DA:122,67
DA:123,67
DA:125,2
DA:126,2
DA:127,2
DA:128,2
DA:129,2
DA:130,8
DA:131,6
DA:132,6
DA:133,0
DA:134,0
DA:135,0
DA:136,6
DA:137,6
DA:139,2
DA:140,2
DA:141,2
DA:142,12
DA:143,2
BRF:0
BRH:0
LF:113
LH:83
end_of_record
SF:/tmp/codex-catboost-native-evidence-20260716/repo/crates/catboost-sys/cbtool/flatc.rs
FN:7,_RNvNtCshhVRjmLKLfH_15catboost_cbtool5flatc17cpp_flatc_wrapper
FN:10,_RNCNvNtCshhVRjmLKLfH_15catboost_cbtool5flatc17cpp_flatc_wrapper0B5_
FN:42,_RNCNvNtCshhVRjmLKLfH_15catboost_cbtool5flatc17cpp_flatc_wrappers0_0B5_
FN:15,_RNCNvNtCshhVRjmLKLfH_15catboost_cbtool5flatc17cpp_flatc_wrappers_0B5_
FN:7,_RNvNtCskRgrriiZ4uL_15catboost_cbtool5flatc17cpp_flatc_wrapper
FN:10,_RNCNvNtCskRgrriiZ4uL_15catboost_cbtool5flatc17cpp_flatc_wrapper0B5_
FN:42,_RNCNvNtCskRgrriiZ4uL_15catboost_cbtool5flatc17cpp_flatc_wrappers0_0B5_
FN:15,_RNCNvNtCskRgrriiZ4uL_15catboost_cbtool5flatc17cpp_flatc_wrappers_0B5_
FNDA:0,_RNvNtCshhVRjmLKLfH_15catboost_cbtool5flatc17cpp_flatc_wrapper
FNDA:0,_RNCNvNtCshhVRjmLKLfH_15catboost_cbtool5flatc17cpp_flatc_wrapper0B5_
FNDA:0,_RNCNvNtCshhVRjmLKLfH_15catboost_cbtool5flatc17cpp_flatc_wrappers0_0B5_
FNDA:0,_RNCNvNtCshhVRjmLKLfH_15catboost_cbtool5flatc17cpp_flatc_wrappers_0B5_
FNDA:1,_RNvNtCskRgrriiZ4uL_15catboost_cbtool5flatc17cpp_flatc_wrapper
FNDA:2,_RNCNvNtCskRgrriiZ4uL_15catboost_cbtool5flatc17cpp_flatc_wrapper0B5_
FNDA:1,_RNCNvNtCskRgrriiZ4uL_15catboost_cbtool5flatc17cpp_flatc_wrappers0_0B5_
FNDA:1,_RNCNvNtCskRgrriiZ4uL_15catboost_cbtool5flatc17cpp_flatc_wrappers_0B5_
FNF:4
FNH:4
DA:7,1
DA:8,1
DA:9,1
DA:10,2
DA:11,1
DA:12,1
DA:13,1
DA:14,1
DA:15,1
DA:16,1
DA:17,1
DA:18,1
DA:19,0
DA:20,0
DA:21,1
DA:22,0
DA:23,1
DA:24,1
DA:25,1
DA:26,1
DA:27,0
DA:28,0
DA:29,0
DA:32,1
DA:33,0
DA:34,0
DA:35,0
DA:36,1
DA:37,1
DA:38,1
DA:39,1
DA:40,1
DA:41,1
DA:42,1
DA:43,1
DA:44,1
DA:45,0
DA:46,0
DA:47,1
DA:48,1
BRF:0
BRH:0
LF:43
LH:32
end_of_record
SF:/tmp/codex-catboost-native-evidence-20260716/repo/crates/catboost-sys/cbtool/io.rs
FN:26,_RNCNvNtCshhVRjmLKLfH_15catboost_cbtool2io10write_file0B5_
FN:11,_RNCNvNtCshhVRjmLKLfH_15catboost_cbtool2io11stderr_line0B5_
FN:19,_RNCNvNtCshhVRjmLKLfH_15catboost_cbtool2io11stdout_line0B5_
FN:22,_RNvNtCshhVRjmLKLfH_15catboost_cbtool2io10write_file
FN:7,_RNvNtCshhVRjmLKLfH_15catboost_cbtool2io11stderr_line
FN:15,_RNvNtCshhVRjmLKLfH_15catboost_cbtool2io11stdout_line
FN:22,_RNvNtCskRgrriiZ4uL_15catboost_cbtool2io10write_file
FN:7,_RNvNtCskRgrriiZ4uL_15catboost_cbtool2io11stderr_line
FN:15,_RNvNtCskRgrriiZ4uL_15catboost_cbtool2io11stdout_line
FN:26,_RNCNvNtCskRgrriiZ4uL_15catboost_cbtool2io10write_file0B5_
FN:11,_RNCNvNtCskRgrriiZ4uL_15catboost_cbtool2io11stderr_line0B5_
FN:19,_RNCNvNtCskRgrriiZ4uL_15catboost_cbtool2io11stdout_line0B5_
FNDA:0,_RNCNvNtCshhVRjmLKLfH_15catboost_cbtool2io10write_file0B5_
FNDA:0,_RNCNvNtCshhVRjmLKLfH_15catboost_cbtool2io11stderr_line0B5_
FNDA:0,_RNCNvNtCshhVRjmLKLfH_15catboost_cbtool2io11stdout_line0B5_
FNDA:0,_RNvNtCshhVRjmLKLfH_15catboost_cbtool2io10write_file
FNDA:0,_RNvNtCshhVRjmLKLfH_15catboost_cbtool2io11stderr_line
FNDA:0,_RNvNtCshhVRjmLKLfH_15catboost_cbtool2io11stdout_line
FNDA:175,_RNvNtCskRgrriiZ4uL_15catboost_cbtool2io10write_file
FNDA:6,_RNvNtCskRgrriiZ4uL_15catboost_cbtool2io11stderr_line
FNDA:66,_RNvNtCskRgrriiZ4uL_15catboost_cbtool2io11stdout_line
FNDA:175,_RNCNvNtCskRgrriiZ4uL_15catboost_cbtool2io10write_file0B5_
FNDA:6,_RNCNvNtCskRgrriiZ4uL_15catboost_cbtool2io11stderr_line0B5_
FNDA:66,_RNCNvNtCskRgrriiZ4uL_15catboost_cbtool2io11stdout_line0B5_
FNF:6
FNH:6
DA:7,6
DA:8,6
DA:9,6
DA:10,6
DA:11,6
DA:12,6
DA:15,66
DA:16,66
DA:17,66
DA:18,66
DA:19,66
DA:20,66
DA:22,175
DA:23,175
DA:24,175
DA:25,175
DA:26,175
DA:27,175
DA:28,0
DA:29,0
DA:30,0
DA:33,175
BRF:0
BRH:0
LF:25
LH:22
end_of_record
SF:/tmp/codex-catboost-native-evidence-20260716/repo/crates/catboost-sys/cbtool/join_srcs.rs
FN:5,_RNvNtCshhVRjmLKLfH_15catboost_cbtool9join_srcs13gen_join_srcs
FN:5,_RNvNtCskRgrriiZ4uL_15catboost_cbtool9join_srcs13gen_join_srcs
FNDA:0,_RNvNtCshhVRjmLKLfH_15catboost_cbtool9join_srcs13gen_join_srcs
FNDA:3,_RNvNtCskRgrriiZ4uL_15catboost_cbtool9join_srcs13gen_join_srcs
FNF:1
FNH:1
DA:5,3
DA:6,3
DA:7,1
DA:8,2
DA:9,2
DA:10,2
DA:11,2
DA:12,2
DA:13,2
DA:14,2
DA:15,2
DA:16,2
DA:17,2
DA:18,2
DA:19,2
DA:20,2
DA:21,2
DA:22,2
DA:23,2
DA:24,2
DA:25,3
BRF:0
BRH:0
LF:21
LH:21
end_of_record
SF:/tmp/codex-catboost-native-evidence-20260716/repo/crates/catboost-sys/cbtool/link.rs
FN:159,_RNvNtCshhVRjmLKLfH_15catboost_cbtool4link11shlex_split
FN:184,_RNvNtCshhVRjmLKLfH_15catboost_cbtool4link13regex_llvm_ar
FN:108,_RNvNtCshhVRjmLKLfH_15catboost_cbtool4link18process_link_input
FN:9,_RNvNtCshhVRjmLKLfH_15catboost_cbtool4link8link_lib
FN:192,_RNvNtCshhVRjmLKLfH_15catboost_cbtool4link9split_ext
FN:187,_RNCNvNtCshhVRjmLKLfH_15catboost_cbtool4link13regex_llvm_ar0B5_
FN:10,_RNCNvNtCshhVRjmLKLfH_15catboost_cbtool4link8link_lib0B5_
FN:55,_RNCNvNtCshhVRjmLKLfH_15catboost_cbtool4link8link_libs0_0B5_
FN:65,_RNCNvNtCshhVRjmLKLfH_15catboost_cbtool4link8link_libs1_0B5_
FN:66,_RNCNvNtCshhVRjmLKLfH_15catboost_cbtool4link8link_libs2_0B5_
FN:11,_RNCNvNtCshhVRjmLKLfH_15catboost_cbtool4link8link_libs_0B5_
FN:194,_RNCNvNtCshhVRjmLKLfH_15catboost_cbtool4link9split_ext0B5_
FN:159,_RNvNtCskRgrriiZ4uL_15catboost_cbtool4link11shlex_split
FN:184,_RNvNtCskRgrriiZ4uL_15catboost_cbtool4link13regex_llvm_ar
FN:108,_RNvNtCskRgrriiZ4uL_15catboost_cbtool4link18process_link_input
FN:9,_RNvNtCskRgrriiZ4uL_15catboost_cbtool4link8link_lib
FN:192,_RNvNtCskRgrriiZ4uL_15catboost_cbtool4link9split_ext
FN:187,_RNCNvNtCskRgrriiZ4uL_15catboost_cbtool4link13regex_llvm_ar0B5_
FN:10,_RNCNvNtCskRgrriiZ4uL_15catboost_cbtool4link8link_lib0B5_
FN:55,_RNCNvNtCskRgrriiZ4uL_15catboost_cbtool4link8link_libs0_0B5_
FN:65,_RNCNvNtCskRgrriiZ4uL_15catboost_cbtool4link8link_libs1_0B5_
FN:66,_RNCNvNtCskRgrriiZ4uL_15catboost_cbtool4link8link_libs2_0B5_
FN:11,_RNCNvNtCskRgrriiZ4uL_15catboost_cbtool4link8link_libs_0B5_
FN:194,_RNCNvNtCskRgrriiZ4uL_15catboost_cbtool4link9split_ext0B5_
FNDA:0,_RNvNtCshhVRjmLKLfH_15catboost_cbtool4link11shlex_split
FNDA:0,_RNvNtCshhVRjmLKLfH_15catboost_cbtool4link13regex_llvm_ar
FNDA:0,_RNvNtCshhVRjmLKLfH_15catboost_cbtool4link18process_link_input
FNDA:0,_RNvNtCshhVRjmLKLfH_15catboost_cbtool4link8link_lib
FNDA:0,_RNvNtCshhVRjmLKLfH_15catboost_cbtool4link9split_ext
FNDA:0,_RNCNvNtCshhVRjmLKLfH_15catboost_cbtool4link13regex_llvm_ar0B5_
FNDA:0,_RNCNvNtCshhVRjmLKLfH_15catboost_cbtool4link8link_lib0B5_
FNDA:0,_RNCNvNtCshhVRjmLKLfH_15catboost_cbtool4link8link_libs0_0B5_
FNDA:0,_RNCNvNtCshhVRjmLKLfH_15catboost_cbtool4link8link_libs1_0B5_
FNDA:0,_RNCNvNtCshhVRjmLKLfH_15catboost_cbtool4link8link_libs2_0B5_
FNDA:0,_RNCNvNtCshhVRjmLKLfH_15catboost_cbtool4link8link_libs_0B5_
FNDA:0,_RNCNvNtCshhVRjmLKLfH_15catboost_cbtool4link9split_ext0B5_
FNDA:1,_RNvNtCskRgrriiZ4uL_15catboost_cbtool4link11shlex_split
FNDA:1,_RNvNtCskRgrriiZ4uL_15catboost_cbtool4link13regex_llvm_ar
FNDA:3,_RNvNtCskRgrriiZ4uL_15catboost_cbtool4link18process_link_input
FNDA:5,_RNvNtCskRgrriiZ4uL_15catboost_cbtool4link8link_lib
FNDA:65,_RNvNtCskRgrriiZ4uL_15catboost_cbtool4link9split_ext
FNDA:1,_RNCNvNtCskRgrriiZ4uL_15catboost_cbtool4link13regex_llvm_ar0B5_
FNDA:33,_RNCNvNtCskRgrriiZ4uL_15catboost_cbtool4link8link_lib0B5_
FNDA:5,_RNCNvNtCskRgrriiZ4uL_15catboost_cbtool4link8link_libs0_0B5_
FNDA:1,_RNCNvNtCskRgrriiZ4uL_15catboost_cbtool4link8link_libs1_0B5_
FNDA:1,_RNCNvNtCskRgrriiZ4uL_15catboost_cbtool4link8link_libs2_0B5_
FNDA:2,_RNCNvNtCskRgrriiZ4uL_15catboost_cbtool4link8link_libs_0B5_
FNDA:15,_RNCNvNtCskRgrriiZ4uL_15catboost_cbtool4link9split_ext0B5_
FNF:12
FNH:12
DA:9,5
DA:10,33
DA:11,2
DA:12,2
DA:13,2
DA:14,2
DA:15,2
DA:17,0
DA:20,3
DA:22,5
DA:23,0
DA:24,0
DA:25,5
DA:26,5
DA:27,5
DA:28,5
DA:29,5
DA:30,5
DA:31,5
DA:32,5
DA:34,5
DA:35,0
DA:37,5
DA:39,5
DA:41,5
DA:42,5
DA:43,2
DA:44,1
DA:45,1
DA:46,1
DA:47,1
DA:48,1
DA:49,1
DA:52,4
DA:53,1
DA:54,3
DA:55,5
DA:56,4
DA:57,3
DA:58,3
DA:59,3
DA:60,3
DA:61,3
DA:62,3
DA:63,1
DA:65,1
DA:66,1
DA:67,1
DA:68,1
DA:69,1
DA:70,0
DA:71,0
DA:72,0
DA:75,0
DA:77,0
DA:78,0
DA:79,0
DA:80,0
DA:81,0
DA:82,0
DA:83,0
DA:84,0
DA:85,0
DA:86,0
DA:87,0
DA:88,0
DA:89,0
DA:90,0
DA:92,0
DA:93,0
DA:94,0
DA:95,0
DA:98,0
DA:99,0
DA:100,0
DA:101,0
DA:102,0
DA:103,0
DA:105,5
DA:108,3
DA:109,3
DA:110,3
DA:111,3
DA:112,3
DA:113,3
DA:114,3
DA:115,3
DA:116,3
DA:117,3
DA:118,16
DA:119,13
DA:120,13
DA:121,2
DA:122,2
DA:123,2
DA:124,2
DA:125,11
DA:126,1
DA:127,10
DA:128,1
DA:129,9
DA:130,1
DA:131,1
DA:132,1
DA:133,8
DA:134,0
DA:135,8
DA:136,1
DA:137,1
DA:138,1
DA:139,1
DA:140,1
DA:141,1
DA:142,1
DA:143,1
DA:144,1
DA:145,1
DA:146,1
DA:147,1
DA:148,7
DA:149,5
DA:150,3
DA:151,3
DA:152,2
DA:153,2
DA:154,2
DA:155,13
DA:157,3
DA:159,1
DA:160,1
DA:161,1
DA:162,1
DA:163,1
DA:164,110
DA:165,110
DA:166,2
DA:167,2
DA:168,108
DA:169,2
DA:170,2
DA:171,2
DA:172,2
DA:173,106
DA:174,106
DA:175,106
DA:176,106
DA:178,1
DA:179,1
DA:180,1
DA:181,1
DA:182,1
DA:184,1
DA:185,1
DA:186,1
DA:187,1
DA:188,1
DA:189,1
DA:190,1
DA:192,65
DA:193,65
DA:194,28
DA:195,20
DA:197,45
DA:199,65
BRF:0
BRH:0
LF:171
LH:138
end_of_record
SF:/tmp/codex-catboost-native-evidence-20260716/repo/crates/catboost-sys/cbtool/main.rs
FN:41,_RNCNvCshhVRjmLKLfH_15catboost_cbtool8dispatch0B3_
FN:30,_RNvCshhVRjmLKLfH_15catboost_cbtool3run
FN:25,_RNvCshhVRjmLKLfH_15catboost_cbtool4main
FN:38,_RNvCshhVRjmLKLfH_15catboost_cbtool8dispatch
FN:25,_RNvCskRgrriiZ4uL_15catboost_cbtool4main
FN:41,_RNCNvCskRgrriiZ4uL_15catboost_cbtool8dispatch0B3_
FN:30,_RNvCskRgrriiZ4uL_15catboost_cbtool3run
FN:38,_RNvCskRgrriiZ4uL_15catboost_cbtool8dispatch
FNDA:0,_RNCNvCshhVRjmLKLfH_15catboost_cbtool8dispatch0B3_
FNDA:0,_RNvCshhVRjmLKLfH_15catboost_cbtool3run
FNDA:0,_RNvCshhVRjmLKLfH_15catboost_cbtool4main
FNDA:0,_RNvCshhVRjmLKLfH_15catboost_cbtool8dispatch
FNDA:0,_RNvCskRgrriiZ4uL_15catboost_cbtool4main
FNDA:12,_RNCNvCskRgrriiZ4uL_15catboost_cbtool8dispatch0B3_
FNDA:1,_RNvCskRgrriiZ4uL_15catboost_cbtool3run
FNDA:12,_RNvCskRgrriiZ4uL_15catboost_cbtool8dispatch
FNF:4
FNH:3
DA:25,0
DA:26,0
DA:27,0
DA:30,1
DA:31,1
DA:32,1
DA:33,1
DA:34,0
DA:35,0
DA:36,1
DA:38,12
DA:39,12
DA:40,12
DA:41,12
DA:42,12
DA:43,12
DA:44,12
DA:45,11
DA:46,10
DA:47,9
DA:48,8
DA:49,7
DA:50,6
DA:51,5
DA:52,4
DA:53,3
DA:54,2
DA:55,1
DA:56,1
DA:57,1
DA:60,12
BRF:0
BRH:0
LF:32
LH:27
end_of_record
SF:/tmp/codex-catboost-native-evidence-20260716/repo/crates/catboost-sys/cbtool/process.rs
FN:4,_RNvNtCshhVRjmLKLfH_15catboost_cbtool7process10run_status
FN:4,_RNvNtCskRgrriiZ4uL_15catboost_cbtool7process10run_status
FNDA:0,_RNvNtCshhVRjmLKLfH_15catboost_cbtool7process10run_status
FNDA:5,_RNvNtCskRgrriiZ4uL_15catboost_cbtool7process10run_status
FNF:1
FNH:1
DA:4,5
DA:5,5
DA:6,5
DA:7,0
DA:8,0
DA:9,0
DA:12,5
BRF:0
BRH:0
LF:7
LH:4
end_of_record
SF:/tmp/codex-catboost-native-evidence-20260716/repo/crates/catboost-sys/cbtool/recursive_lib.rs
FN:9,_RNvNtCshhVRjmLKLfH_15catboost_cbtool13recursive_lib24create_recursive_library
FN:37,_RNCNvNtCshhVRjmLKLfH_15catboost_cbtool13recursive_lib24create_recursive_library0B5_
FN:92,_RNCNvNtCshhVRjmLKLfH_15catboost_cbtool13recursive_lib24create_recursive_librarys0_0B5_
FN:61,_RNCNvNtCshhVRjmLKLfH_15catboost_cbtool13recursive_lib24create_recursive_librarys_0B5_
FN:37,_RNCNvNtCskRgrriiZ4uL_15catboost_cbtool13recursive_lib24create_recursive_library0B5_
FN:92,_RNCNvNtCskRgrriiZ4uL_15catboost_cbtool13recursive_lib24create_recursive_librarys0_0B5_
FN:61,_RNCNvNtCskRgrriiZ4uL_15catboost_cbtool13recursive_lib24create_recursive_librarys_0B5_
FN:9,_RNvNtCskRgrriiZ4uL_15catboost_cbtool13recursive_lib24create_recursive_library
FNDA:0,_RNvNtCshhVRjmLKLfH_15catboost_cbtool13recursive_lib24create_recursive_library
FNDA:0,_RNCNvNtCshhVRjmLKLfH_15catboost_cbtool13recursive_lib24create_recursive_library0B5_
FNDA:0,_RNCNvNtCshhVRjmLKLfH_15catboost_cbtool13recursive_lib24create_recursive_librarys0_0B5_
FNDA:0,_RNCNvNtCshhVRjmLKLfH_15catboost_cbtool13recursive_lib24create_recursive_librarys_0B5_
FNDA:0,_RNCNvNtCskRgrriiZ4uL_15catboost_cbtool13recursive_lib24create_recursive_library0B5_
FNDA:2,_RNCNvNtCskRgrriiZ4uL_15catboost_cbtool13recursive_lib24create_recursive_librarys0_0B5_
FNDA:2,_RNCNvNtCskRgrriiZ4uL_15catboost_cbtool13recursive_lib24create_recursive_librarys_0B5_
FNDA:2,_RNvNtCskRgrriiZ4uL_15catboost_cbtool13recursive_lib24create_recursive_library
FNF:4
FNH:3
DA:9,2
DA:10,2
DA:11,2
DA:12,2
DA:13,2
DA:14,2
DA:15,2
DA:16,2
DA:17,8
DA:18,7
DA:19,7
DA:20,1
DA:21,1
DA:22,1
DA:23,6
DA:24,1
DA:25,1
DA:26,1
DA:27,5
DA:28,1
DA:29,1
DA:30,1
DA:31,4
DA:32,1
DA:33,1
DA:34,3
DA:35,1
DA:36,1
DA:37,1
DA:38,1
DA:39,1
DA:41,2
DA:42,1
DA:43,1
DA:44,1
DA:45,1
DA:46,1
DA:47,1
DA:49,0
DA:50,0
DA:51,0
DA:54,2
DA:55,1
DA:56,1
DA:57,1
DA:59,1
DA:60,1
DA:61,2
DA:62,1
DA:63,1
DA:64,1
DA:65,1
DA:66,1
DA:67,1
DA:68,1
DA:69,1
DA:70,1
DA:71,1
DA:74,1
DA:75,1
DA:77,0
DA:78,0
DA:82,1
DA:83,0
DA:85,1
DA:87,1
DA:88,1
DA:89,1
DA:90,1
DA:92,2
DA:93,2
DA:94,0
DA:95,2
DA:96,2
DA:97,2
DA:98,2
DA:99,2
DA:100,2
DA:101,2
DA:102,2
DA:103,2
DA:104,2
DA:106,2
DA:107,2
DA:108,2
DA:109,0
DA:110,2
DA:111,2
DA:113,2
DA:114,2
DA:115,2
DA:117,2
DA:119,2
DA:120,1
DA:121,1
DA:122,1
DA:123,0
DA:124,1
DA:125,0
DA:126,1
DA:127,1
DA:128,1
DA:129,0
DA:130,1
DA:131,0
DA:132,1
DA:133,2
BRF:0
BRH:0
LF:109
LH:96
end_of_record
SF:/tmp/codex-catboost-native-evidence-20260716/repo/crates/catboost-sys/cbtool/replace.rs
FN:5,_RNvNtCshhVRjmLKLfH_15catboost_cbtool7replace10re_replace
FN:70,_RNvNtCshhVRjmLKLfH_15catboost_cbtool7replace11strip_final
FN:119,_RNvNtCshhVRjmLKLfH_15catboost_cbtool7replace7skip_ws
FN:39,_RNCNvNtCshhVRjmLKLfH_15catboost_cbtool7replace10re_replace0B5_
FN:39,_RNCNvNtCskRgrriiZ4uL_15catboost_cbtool7replace10re_replace0B5_
FN:5,_RNvNtCskRgrriiZ4uL_15catboost_cbtool7replace10re_replace
FN:70,_RNvNtCskRgrriiZ4uL_15catboost_cbtool7replace11strip_final
FN:119,_RNvNtCskRgrriiZ4uL_15catboost_cbtool7replace7skip_ws
FNDA:0,_RNvNtCshhVRjmLKLfH_15catboost_cbtool7replace10re_replace
FNDA:0,_RNvNtCshhVRjmLKLfH_15catboost_cbtool7replace11strip_final
FNDA:0,_RNvNtCshhVRjmLKLfH_15catboost_cbtool7replace7skip_ws
FNDA:0,_RNCNvNtCshhVRjmLKLfH_15catboost_cbtool7replace10re_replace0B5_
FNDA:132,_RNCNvNtCskRgrriiZ4uL_15catboost_cbtool7replace10re_replace0B5_
FNDA:66,_RNvNtCskRgrriiZ4uL_15catboost_cbtool7replace10re_replace
FNDA:132,_RNvNtCskRgrriiZ4uL_15catboost_cbtool7replace11strip_final
FNDA:299,_RNvNtCskRgrriiZ4uL_15catboost_cbtool7replace7skip_ws
FNF:4
FNH:4
DA:5,66
DA:6,66
DA:7,66
DA:8,66
DA:9,263
DA:10,197
DA:11,197
DA:12,66
DA:13,66
DA:14,66
DA:15,131
DA:16,65
DA:17,65
DA:18,66
DA:19,66
DA:20,66
DA:21,66
DA:24,66
DA:25,66
DA:26,0
DA:27,0
DA:28,0
DA:29,0
DA:30,66
DA:31,66
DA:32,66
DA:33,66
DA:34,0
DA:36,66
DA:37,66
DA:38,66
DA:39,132
DA:40,132
DA:41,132
DA:42,35
DA:43,97
DA:44,132
DA:45,132
DA:46,66
DA:47,66
DA:48,66
DA:49,34
DA:50,34
DA:51,34
DA:52,34
DA:53,34
DA:54,0
DA:55,34
DA:56,34
DA:57,32
DA:58,32
DA:59,32
DA:61,66
DA:62,34
DA:63,34
DA:64,66
DA:65,32
DA:66,34
DA:67,66
DA:68,66
DA:70,132
DA:71,132
DA:72,230
DA:73,230
DA:74,327
DA:75,132
DA:76,132
DA:77,132
DA:78,0
DA:79,0
DA:80,0
DA:81,0
DA:82,132
DA:83,132
DA:84,132
DA:85,132
DA:86,0
DA:87,132
DA:88,132
DA:89,132
DA:90,1650
DA:91,1518
DA:92,1518
DA:93,132
DA:94,0
DA:95,132
DA:96,132
DA:97,132
DA:98,1
DA:99,131
DA:100,131
DA:101,131
DA:102,131
DA:103,96
DA:104,35
DA:105,35
DA:106,35
DA:107,35
DA:108,0
DA:109,35
DA:110,35
DA:111,35
DA:112,35
DA:113,35
DA:116,97
DA:117,132
DA:119,299
DA:120,760
DA:121,461
DA:122,461
DA:123,299
DA:124,299
BRF:0
BRH:0
LF:113
LH:100
end_of_record
SF:/tmp/codex-catboost-native-evidence-20260716/repo/crates/catboost-sys/cbtool/rodata.rs
FN:5,_RNvNtCshhVRjmLKLfH_15catboost_cbtool6rodata10rodata2cpp
FN:5,_RNvNtCskRgrriiZ4uL_15catboost_cbtool6rodata10rodata2cpp
FNDA:0,_RNvNtCshhVRjmLKLfH_15catboost_cbtool6rodata10rodata2cpp
FNDA:67,_RNvNtCskRgrriiZ4uL_15catboost_cbtool6rodata10rodata2cpp
FNF:1
FNH:1
DA:5,67
DA:6,67
DA:7,1
DA:8,66
DA:9,66
DA:10,66
DA:11,0
DA:13,66
DA:14,66
DA:15,66
DA:16,66
DA:17,66
DA:18,9406
DA:19,9406
DA:20,9406
DA:21,9406
DA:22,219
DA:23,9187
DA:25,66
DA:26,66
DA:27,66
DA:28,66
DA:29,66
DA:30,66
DA:31,67
BRF:0
BRH:0
LF:25
LH:24
end_of_record
SF:/tmp/codex-catboost-native-evidence-20260716/repo/crates/catboost-sys/cbtool/run_tool.rs
FN:6,_RNCNvNtCshhVRjmLKLfH_15catboost_cbtool8run_tool8run_tool0B5_
FN:5,_RNvNtCshhVRjmLKLfH_15catboost_cbtool8run_tool8run_tool
FN:6,_RNCNvNtCskRgrriiZ4uL_15catboost_cbtool8run_tool8run_tool0B5_
FN:5,_RNvNtCskRgrriiZ4uL_15catboost_cbtool8run_tool8run_tool
FNDA:0,_RNCNvNtCshhVRjmLKLfH_15catboost_cbtool8run_tool8run_tool0B5_
FNDA:0,_RNvNtCshhVRjmLKLfH_15catboost_cbtool8run_tool8run_tool
FNDA:2,_RNCNvNtCskRgrriiZ4uL_15catboost_cbtool8run_tool8run_tool0B5_
FNDA:2,_RNvNtCskRgrriiZ4uL_15catboost_cbtool8run_tool8run_tool
FNF:2
FNH:2
DA:5,2
DA:6,2
DA:7,1
DA:9,1
DA:10,1
DA:13,1
DA:14,1
DA:15,1
DA:16,0
DA:17,0
DA:18,0
DA:19,0
DA:20,0
DA:21,0
DA:22,0
DA:23,0
DA:24,0
DA:25,0
DA:28,2
BRF:0
BRH:0
LF:20
LH:10
end_of_record
SF:/tmp/codex-catboost-native-evidence-20260716/repo/crates/catboost-sys/cbtool/vcs.rs
FN:18,_RNvNtCshhVRjmLKLfH_15catboost_cbtool3vcs17generate_vcs_info
FN:5,_RNvNtCshhVRjmLKLfH_15catboost_cbtool3vcs8vcs_info
FN:18,_RNvNtCskRgrriiZ4uL_15catboost_cbtool3vcs17generate_vcs_info
FN:5,_RNvNtCskRgrriiZ4uL_15catboost_cbtool3vcs8vcs_info
FNDA:0,_RNvNtCshhVRjmLKLfH_15catboost_cbtool3vcs17generate_vcs_info
FNDA:0,_RNvNtCshhVRjmLKLfH_15catboost_cbtool3vcs8vcs_info
FNDA:3,_RNvNtCskRgrriiZ4uL_15catboost_cbtool3vcs17generate_vcs_info
FNDA:3,_RNvNtCskRgrriiZ4uL_15catboost_cbtool3vcs8vcs_info
FNF:2
FNH:2
DA:5,3
DA:6,3
DA:7,1
DA:8,2
DA:9,2
DA:10,2
DA:11,0
DA:13,2
DA:14,2
DA:15,3
DA:18,3
DA:19,3
DA:20,1
DA:21,2
DA:22,2
DA:23,2
DA:24,3
BRF:0
BRH:0
LF:17
LH:16
end_of_record
SF:/tmp/codex-catboost-native-evidence-20260716/repo/crates/catboost/src/error.rs
FN:21,_RNvNtCs82BbE2xHoDN_8catboost5error10last_error
FN:14,_RNvXNtCs82BbE2xHoDN_8catboost5errorNtB2_7CbErrorNtNtCs27Vx93FoQ6z_4core3fmt7Display3fmt
FN:21,_RNvNtCslsUrqTHsvZK_8catboost5error10last_error
FN:14,_RNvXNtCslsUrqTHsvZK_8catboost5errorNtB2_7CbErrorNtNtCs27Vx93FoQ6z_4core3fmt7Display3fmt
FNDA:0,_RNvNtCs82BbE2xHoDN_8catboost5error10last_error
FNDA:0,_RNvXNtCs82BbE2xHoDN_8catboost5errorNtB2_7CbErrorNtNtCs27Vx93FoQ6z_4core3fmt7Display3fmt
FNDA:0,_RNvNtCslsUrqTHsvZK_8catboost5error10last_error
FNDA:0,_RNvXNtCslsUrqTHsvZK_8catboost5errorNtB2_7CbErrorNtNtCs27Vx93FoQ6z_4core3fmt7Display3fmt
FNF:2
FNH:0
DA:14,0
DA:15,0
DA:16,0
DA:21,0
DA:25,0
DA:26,0
DA:27,0
DA:28,0
DA:29,0
DA:31,0
BRF:0
BRH:0
LF:10
LH:0
end_of_record
SF:/tmp/codex-catboost-native-evidence-20260716/repo/crates/catboost/src/model.rs
FN:21,_RNCNvMNtCs82BbE2xHoDN_8catboost5modelNtB4_13CatBoostModel11lock_native0B6_
FN:105,_RNvMNtCs82BbE2xHoDN_8catboost5modelNtB2_13CatBoostModel10output_dim
FN:18,_RNvMNtCs82BbE2xHoDN_8catboost5modelNtB2_13CatBoostModel11lock_native
FN:65,_RNvMNtCs82BbE2xHoDN_8catboost5modelNtB2_13CatBoostModel11train_multi
FN:25,_RNvMNtCs82BbE2xHoDN_8catboost5modelNtB2_13CatBoostModel12train_single
FN:141,_RNvMNtCs82BbE2xHoDN_8catboost5modelNtB2_13CatBoostModel18feature_importance
FN:165,_RNvMNtCs82BbE2xHoDN_8catboost5modelNtB2_13CatBoostModel4load
FN:153,_RNvMNtCs82BbE2xHoDN_8catboost5modelNtB2_13CatBoostModel4save
FN:114,_RNvMNtCs82BbE2xHoDN_8catboost5modelNtB2_13CatBoostModel7predict
FN:183,_RNvXs_NtCs82BbE2xHoDN_8catboost5modelNtB4_13CatBoostModelNtNtNtCs27Vx93FoQ6z_4core3ops4drop4Drop4drop
FN:183,_RNvXs_NtCslsUrqTHsvZK_8catboost5modelNtB4_13CatBoostModelNtNtNtCs27Vx93FoQ6z_4core3ops4drop4Drop4drop
FN:105,_RNvMNtCslsUrqTHsvZK_8catboost5modelNtB2_13CatBoostModel10output_dim
FN:18,_RNvMNtCslsUrqTHsvZK_8catboost5modelNtB2_13CatBoostModel11lock_native
FN:65,_RNvMNtCslsUrqTHsvZK_8catboost5modelNtB2_13CatBoostModel11train_multi
FN:25,_RNvMNtCslsUrqTHsvZK_8catboost5modelNtB2_13CatBoostModel12train_single
FN:141,_RNvMNtCslsUrqTHsvZK_8catboost5modelNtB2_13CatBoostModel18feature_importance
FN:165,_RNvMNtCslsUrqTHsvZK_8catboost5modelNtB2_13CatBoostModel4load
FN:153,_RNvMNtCslsUrqTHsvZK_8catboost5modelNtB2_13CatBoostModel4save
FN:114,_RNvMNtCslsUrqTHsvZK_8catboost5modelNtB2_13CatBoostModel7predict
FN:21,_RNCNvMNtCslsUrqTHsvZK_8catboost5modelNtB4_13CatBoostModel11lock_native0B6_
FNDA:0,_RNCNvMNtCs82BbE2xHoDN_8catboost5modelNtB4_13CatBoostModel11lock_native0B6_
FNDA:0,_RNvMNtCs82BbE2xHoDN_8catboost5modelNtB2_13CatBoostModel10output_dim
FNDA:0,_RNvMNtCs82BbE2xHoDN_8catboost5modelNtB2_13CatBoostModel11lock_native
FNDA:0,_RNvMNtCs82BbE2xHoDN_8catboost5modelNtB2_13CatBoostModel11train_multi
FNDA:0,_RNvMNtCs82BbE2xHoDN_8catboost5modelNtB2_13CatBoostModel12train_single
FNDA:0,_RNvMNtCs82BbE2xHoDN_8catboost5modelNtB2_13CatBoostModel18feature_importance
FNDA:0,_RNvMNtCs82BbE2xHoDN_8catboost5modelNtB2_13CatBoostModel4load
FNDA:0,_RNvMNtCs82BbE2xHoDN_8catboost5modelNtB2_13CatBoostModel4save
FNDA:0,_RNvMNtCs82BbE2xHoDN_8catboost5modelNtB2_13CatBoostModel7predict
FNDA:0,_RNvXs_NtCs82BbE2xHoDN_8catboost5modelNtB4_13CatBoostModelNtNtNtCs27Vx93FoQ6z_4core3ops4drop4Drop4drop
FNDA:3,_RNvXs_NtCslsUrqTHsvZK_8catboost5modelNtB4_13CatBoostModelNtNtNtCs27Vx93FoQ6z_4core3ops4drop4Drop4drop
FNDA:2,_RNvMNtCslsUrqTHsvZK_8catboost5modelNtB2_13CatBoostModel10output_dim
FNDA:7,_RNvMNtCslsUrqTHsvZK_8catboost5modelNtB2_13CatBoostModel11lock_native
FNDA:1,_RNvMNtCslsUrqTHsvZK_8catboost5modelNtB2_13CatBoostModel11train_multi
FNDA:1,_RNvMNtCslsUrqTHsvZK_8catboost5modelNtB2_13CatBoostModel12train_single
FNDA:1,_RNvMNtCslsUrqTHsvZK_8catboost5modelNtB2_13CatBoostModel18feature_importance
FNDA:1,_RNvMNtCslsUrqTHsvZK_8catboost5modelNtB2_13CatBoostModel4load
FNDA:1,_RNvMNtCslsUrqTHsvZK_8catboost5modelNtB2_13CatBoostModel4save
FNDA:3,_RNvMNtCslsUrqTHsvZK_8catboost5modelNtB2_13CatBoostModel7predict
FNDA:0,_RNCNvMNtCslsUrqTHsvZK_8catboost5modelNtB4_13CatBoostModel11lock_native0B6_
FNF:10
FNH:9
DA:18,7
DA:19,7
DA:20,7
DA:21,7
DA:22,7
DA:25,1
DA:26,1
DA:27,1
DA:28,1
DA:29,1
DA:30,1
DA:31,1
DA:32,1
DA:33,1
DA:34,1
DA:35,1
DA:36,1
DA:41,1
DA:42,1
DA:43,1
DA:44,1
DA:45,1
DA:46,1
DA:48,1
DA:49,1
DA:50,1
DA:54,1
DA:55,0
DA:56,1
DA:57,1
DA:58,1
DA:59,1
DA:60,1
DA:61,1
DA:65,1
DA:66,1
DA:67,1
DA:68,1
DA:69,1
DA:70,1
DA:71,1
DA:72,1
DA:73,1
DA:74,1
DA:75,1
DA:76,1
DA:77,1
DA:78,1
DA:83,1
DA:84,1
DA:85,1
DA:86,1
DA:87,1
DA:88,1
DA:89,1
DA:90,1
DA:91,1
DA:92,1
DA:96,1
DA:97,0
DA:98,1
DA:99,1
DA:100,1
DA:101,1
DA:102,1
DA:103,1
DA:105,2
DA:106,2
DA:109,2
DA:110,2
DA:114,3
DA:115,3
DA:116,3
DA:119,3
DA:120,3
DA:123,3
DA:124,3
DA:125,3
DA:126,3
DA:127,3
DA:128,3
DA:129,3
DA:130,3
DA:131,3
DA:134,3
DA:135,0
DA:136,3
DA:137,3
DA:138,3
DA:141,1
DA:142,1
DA:143,1
DA:146,1
DA:147,1
DA:148,0
DA:149,1
DA:150,1
DA:151,1
DA:153,1
DA:154,1
DA:155,1
DA:158,1
DA:159,1
DA:160,0
DA:161,1
DA:162,1
DA:163,1
DA:165,1
DA:166,1
DA:167,1
DA:171,1
DA:172,1
DA:173,0
DA:174,1
DA:175,1
DA:176,1
DA:177,1
DA:178,1
DA:179,1
DA:183,3
DA:186,3
DA:187,3
BRF:0
BRH:0
LF:123
LH:116
end_of_record
SF:/tmp/codex-catboost-native-evidence-20260716/repo/crates/catboost/src/params.rs
FN:17,_RNvMNtCs82BbE2xHoDN_8catboost6paramsNtB2_4Loss6as_str
FN:55,_RNvMs0_NtCs82BbE2xHoDN_8catboost6paramsNtB5_11TrainParams7to_json
FN:42,_RNvXs_NtCs82BbE2xHoDN_8catboost6paramsNtB4_11TrainParamsNtNtCs27Vx93FoQ6z_4core7default7Default7default
FN:17,_RNvMNtCslsUrqTHsvZK_8catboost6paramsNtB2_4Loss6as_str
FN:55,_RNvMs0_NtCslsUrqTHsvZK_8catboost6paramsNtB5_11TrainParams7to_json
FN:42,_RNvXs_NtCslsUrqTHsvZK_8catboost6paramsNtB4_11TrainParamsNtNtCs27Vx93FoQ6z_4core7default7Default7default
FNDA:0,_RNvMNtCs82BbE2xHoDN_8catboost6paramsNtB2_4Loss6as_str
FNDA:0,_RNvMs0_NtCs82BbE2xHoDN_8catboost6paramsNtB5_11TrainParams7to_json
FNDA:0,_RNvXs_NtCs82BbE2xHoDN_8catboost6paramsNtB4_11TrainParamsNtNtCs27Vx93FoQ6z_4core7default7Default7default
FNDA:2,_RNvMNtCslsUrqTHsvZK_8catboost6paramsNtB2_4Loss6as_str
FNDA:2,_RNvMs0_NtCslsUrqTHsvZK_8catboost6paramsNtB5_11TrainParams7to_json
FNDA:0,_RNvXs_NtCslsUrqTHsvZK_8catboost6paramsNtB4_11TrainParamsNtNtCs27Vx93FoQ6z_4core7default7Default7default
FNF:3
FNH:2
DA:17,2
DA:18,2
DA:19,1
DA:20,0
DA:21,1
DA:22,0
DA:23,0
DA:24,0
DA:25,0
DA:27,2
DA:42,0
DA:43,0
DA:44,0
DA:45,0
DA:46,0
DA:47,0
DA:48,0
DA:49,0
DA:50,0
DA:51,0
DA:55,2
DA:58,2
DA:65,2
DA:69,2
BRF:0
BRH:0
LF:24
LH:9
end_of_record